<?xml version="1.0" encoding="UTF-8"?>
<!-- Generated by org.testng.reporters.JUnitReportReporter -->
<testsuite name="com.comparatortest.test.TestCompareResponses" tests="1" time="6.608" ignored="0" failures="0" timestamp="19 Apr 2019 07:15:32 GMT" skipped="0" hostname="Manav" errors="0">
  <testcase name="testcompare" time="6.608" classname="com.comparatortest.test.TestCompareResponses"/>
</testsuite> <!-- com.comparatortest.test.TestCompareResponses -->
