<?xml version="1.0" encoding="UTF-8"?>
<!-- Generated by org.testng.reporters.JUnitReportReporter -->
<testsuite name="com.comparatortest.test.TestCompareResponses" tests="1" time="4.807" ignored="0" failures="0" timestamp="18 Apr 2019 07:26:41 GMT" skipped="0" hostname="Manav" errors="0">
  <testcase name="compare" time="4.807" classname="com.comparatortest.test.TestCompareResponses"/>
</testsuite> <!-- com.comparatortest.test.TestCompareResponses -->
